I0924 10:12:44.053290       1 fastfunc_controller.go:436] Before function getFaSTPodLister
I0924 10:12:44.154744       1 fastfunc_controller.go:438] After function getFaSTPodLister
2024-09-24T10:12:44Z	INFO	setup	starting manager
2024-09-24T10:12:44Z	INFO	controller-runtime.metrics	Starting metrics server
2024-09-24T10:12:44Z	INFO	starting server	{"name": "health probe", "addr": "[::]:8081"}
2024-09-24T10:12:44Z	INFO	setup	disabling http/2
I0924 10:12:44.158257       1 leaderelection.go:254] attempting to acquire leader lease fast-gshare-autoscaler/d6120384.fastgshare...
I0924 10:12:44.174103       1 leaderelection.go:268] successfully acquired lease fast-gshare-autoscaler/d6120384.fastgshare
2024-09-24T10:12:44Z	DEBUG	events	autoscaler-controller-manager-74c89996c5-4dnr9_96e04b9b-8f59-4401-a701-4bce02b79b89 became leader	{"type": "Normal", "object": {"kind":"Lease","namespace":"fast-gshare-autoscaler","name":"d6120384.fastgshare","uid":"1bcdf477-f22c-4c35-b37b-3fc10cfb2aa2","apiVersion":"coordination.k8s.io/v1","resourceVersion":"7842893"}, "reason": "LeaderElection"}
2024-09-24T10:12:44Z	INFO	Starting EventSource	{"controller": "fastfunc", "controllerGroup": "caps.in.tum.fastgshare", "controllerKind": "FaSTFunc", "source": "kind source: *v1.FaSTFunc"}
2024-09-24T10:12:44Z	INFO	Starting Controller	{"controller": "fastfunc", "controllerGroup": "caps.in.tum.fastgshare", "controllerKind": "FaSTFunc"}
2024-09-24T10:12:44Z	INFO	Starting workers	{"controller": "fastfunc", "controllerGroup": "caps.in.tum.fastgshare", "controllerKind": "FaSTFunc", "worker count": 1}
2024-09-24T10:12:45Z	INFO	controller-runtime.metrics	Serving metrics server	{"bindAddress": ":8443", "secure": true}
I0924 10:14:28.161844       1 fastfunc_controller.go:109] Checking FaSTFunc fastfunc-resnet.
I0924 10:14:28.177253       1 fastfunc_controller.go:124] Current rps for function fastfunc-resnet is 0.000000.
I0924 10:14:28.180920       1 fastfunc_controller.go:139] Past 30s rps for function fastfunc-resnet is 0.000000.
I0924 10:14:28.184689       1 fastfunc_controller.go:253] To get the current nominal rps of the function fastfunc-resnet.
I0924 10:14:28.184820       1 fastfunc_controller.go:258] Number of the FaSTPods of the function fastfunc-resnet: 0
I0924 10:14:28.184844       1 fastfunc_controller.go:269] Total current processing capability of function fastfunc-resnet is 0.000000.
I0924 10:14:28.184863       1 fastfunc_controller.go:175] RPS difference (DeltaRPS) = 0.000000.
I0924 10:14:58.162311       1 fastfunc_controller.go:109] Checking FaSTFunc fastfunc-resnet.
I0924 10:14:58.169251       1 fastfunc_controller.go:124] Current rps for function fastfunc-resnet is 0.000000.
I0924 10:14:58.171366       1 fastfunc_controller.go:139] Past 30s rps for function fastfunc-resnet is 0.000000.
I0924 10:14:58.177702       1 fastfunc_controller.go:253] To get the current nominal rps of the function fastfunc-resnet.
I0924 10:14:58.177830       1 fastfunc_controller.go:258] Number of the FaSTPods of the function fastfunc-resnet: 0
I0924 10:14:58.177898       1 fastfunc_controller.go:269] Total current processing capability of function fastfunc-resnet is 0.000000.
I0924 10:14:58.177963       1 fastfunc_controller.go:175] RPS difference (DeltaRPS) = 0.000000.
I0924 10:15:28.162561       1 fastfunc_controller.go:109] Checking FaSTFunc fastfunc-resnet.
I0924 10:15:28.165368       1 fastfunc_controller.go:124] Current rps for function fastfunc-resnet is 0.000000.
I0924 10:15:28.168874       1 fastfunc_controller.go:139] Past 30s rps for function fastfunc-resnet is 0.000000.
I0924 10:15:28.171693       1 fastfunc_controller.go:253] To get the current nominal rps of the function fastfunc-resnet.
I0924 10:15:28.171755       1 fastfunc_controller.go:258] Number of the FaSTPods of the function fastfunc-resnet: 0
I0924 10:15:28.171774       1 fastfunc_controller.go:269] Total current processing capability of function fastfunc-resnet is 0.000000.
I0924 10:15:28.171792       1 fastfunc_controller.go:175] RPS difference (DeltaRPS) = 0.000000.
I0924 10:15:58.162040       1 fastfunc_controller.go:109] Checking FaSTFunc fastfunc-resnet.
I0924 10:15:58.168412       1 fastfunc_controller.go:121] Current rps vec for function fastfunc-resnet is {app="gateway", code="502", function_name="fastfunc-resnet.fast-gshare-fn", instance="10.244.0.116:8082", job="kubernetes-pods", kubernetes_namespace="fast-gshare", kubernetes_pod_name="gateway-6845d69c99-fz6br", pod_template_hash="6845d69c99"} => 40 @[1727172958.162].
I0924 10:15:58.168605       1 fastfunc_controller.go:124] Current rps for function fastfunc-resnet is 40.000000.
I0924 10:15:58.173686       1 fastfunc_controller.go:136] Past 30s rps vec for function fastfunc-resnet is {app="gateway", code="502", function_name="fastfunc-resnet.fast-gshare-fn", instance="10.244.0.116:8082", job="kubernetes-pods", kubernetes_namespace="fast-gshare", kubernetes_pod_name="gateway-6845d69c99-fz6br", pod_template_hash="6845d69c99"} => 13.441333333333334 @[1727172958.169].
I0924 10:15:58.173803       1 fastfunc_controller.go:139] Past 30s rps for function fastfunc-resnet is 13.441333.
I0924 10:15:58.180719       1 fastfunc_controller.go:253] To get the current nominal rps of the function fastfunc-resnet.
I0924 10:15:58.180770       1 fastfunc_controller.go:258] Number of the FaSTPods of the function fastfunc-resnet: 0
I0924 10:15:58.180788       1 fastfunc_controller.go:269] Total current processing capability of function fastfunc-resnet is 0.000000.
I0924 10:15:58.180807       1 fastfunc_controller.go:175] RPS difference (DeltaRPS) = 40.000000.
I0924 10:15:58.180822       1 fastfunc_controller.go:221] Scaling up initially.
I0924 10:15:58.180839       1 fastfunc_controller.go:300] Trying to update the FaSTPod -q30-p12 with replica = 1.
I0924 10:15:58.284811       1 fastfunc_controller.go:379] TO create new FaSTPod fastfunc-resnet-q30-p12 with replica=1.
