Name:         fastfunc-resnet-q30-p12
Namespace:    fast-gshare-fn
Labels:       com.openfaas.scale.max=1
              com.openfaas.scale.min=1
              fast_function=fastfunc-resnet
Annotations:  fastgshare/gpu_mem: 1073741824
              fastgshare/gpu_quota_limit: 1.0
              fastgshare/gpu_quota_request: 0.30
              fastgshare/gpu_sm_partition: 12
API Version:  fastgshare.caps.in.tum/v1
Kind:         FaSTPod
Metadata:
  Creation Timestamp:  2024-09-24T10:15:58Z
  Generation:          12
  Managed Fields:
    API Version:  fastgshare.caps.in.tum/v1
    Fields Type:  FieldsV1
    fieldsV1:
      f:metadata:
        f:annotations:
          .:
          f:fastgshare/gpu_mem:
          f:fastgshare/gpu_quota_limit:
          f:fastgshare/gpu_quota_request:
          f:fastgshare/gpu_sm_partition:
        f:labels:
          .:
          f:com.openfaas.scale.max:
          f:com.openfaas.scale.min:
          f:fast_function:
        f:ownerReferences:
          .:
          k:{"uid":"2085f489-0e86-4f15-b85c-d09023004a00"}:
      f:spec:
        .:
        f:podSpec:
          .:
          f:containers:
          f:volumes:
        f:replicas:
        f:selector:
          .:
          f:matchLabels:
            .:
            f:faas_function:
      f:status:
        .:
        f:replicas:
    Manager:      manager
    Operation:    Update
    Time:         2024-09-24T10:15:58Z
    API Version:  fastgshare.caps.in.tum/v1
    Fields Type:  FieldsV1
    fieldsV1:
      f:status:
        f:GPUClientPort:
          .:
          f:fastfunc-resnet-q30-p12-42oib:
          f:fastfunc-resnet-q30-p12-4dxnn:
          f:fastfunc-resnet-q30-p12-9wctd:
          f:fastfunc-resnet-q30-p12-b3owa:
          f:fastfunc-resnet-q30-p12-bu81j:
          f:fastfunc-resnet-q30-p12-cbdie:
          f:fastfunc-resnet-q30-p12-el1rh:
          f:fastfunc-resnet-q30-p12-giq8n:
          f:fastfunc-resnet-q30-p12-gztdw:
          f:fastfunc-resnet-q30-p12-uen3w:
          f:fastfunc-resnet-q30-p12-wetr1:
        f:boundDeviceIDs:
          .:
          f:fastfunc-resnet-q30-p12-42oib:
          f:fastfunc-resnet-q30-p12-4dxnn:
          f:fastfunc-resnet-q30-p12-9wctd:
          f:fastfunc-resnet-q30-p12-b3owa:
          f:fastfunc-resnet-q30-p12-bu81j:
          f:fastfunc-resnet-q30-p12-cbdie:
          f:fastfunc-resnet-q30-p12-el1rh:
          f:fastfunc-resnet-q30-p12-giq8n:
          f:fastfunc-resnet-q30-p12-gztdw:
          f:fastfunc-resnet-q30-p12-uen3w:
          f:fastfunc-resnet-q30-p12-wetr1:
        f:pod2node:
        f:resourceconfig:
          .:
          f:fastgshare/gpu_quota_limit:
          f:fastgshare/gpu_quota_request:
          f:fastgshare/gpu_sm_partition:
        f:usage:
    Manager:    fastpodcontrollermanager
    Operation:  Update
    Time:       2024-09-24T10:15:59Z
  Owner References:
    API Version:           caps.in.tum.fastgshare/v1
    Block Owner Deletion:  true
    Controller:            true
    Kind:                  FaSTFunc
    Name:                  fastfunc-resnet
    UID:                   2085f489-0e86-4f15-b85c-d09023004a00
  Resource Version:        7843294
  UID:                     34d9f2f2-0be2-473f-a724-6e83774aecf2
Spec:
  Pod Spec:
    Containers:
      Image:  docker.io/kontonpuku666/mlperf-resnet:pytorch
      Name:   resnet-pytorch
      Ports:
        Container Port:  8080
        Protocol:        TCP
      Readiness Probe:
        Initial Delay Seconds:  5
        Period Seconds:         10
        Tcp Socket:
          Port:  5000
      Resources:
      Volume Mounts:
        Mount Path:  /models/
        Name:        model-volume
    Volumes:
      Host Path:
        Path:  /models/
      Name:    model-volume
  Replicas:    1
  Selector:
    Match Labels:
      faas_function:  fastfunc-resnet
Status:
  GPU Client Port:
    fastfunc-resnet-q30-p12-42oib:  56014
    fastfunc-resnet-q30-p12-4dxnn:  56016
    fastfunc-resnet-q30-p12-9wctd:  56003
    fastfunc-resnet-q30-p12-b3owa:  56017
    fastfunc-resnet-q30-p12-bu81j:  56018
    fastfunc-resnet-q30-p12-cbdie:  56015
    fastfunc-resnet-q30-p12-el1rh:  56004
    fastfunc-resnet-q30-p12-giq8n:  56012
    fastfunc-resnet-q30-p12-gztdw:  56008
    fastfunc-resnet-q30-p12-uen3w:  56010
    fastfunc-resnet-q30-p12-wetr1:  56006
  Bound Device I Ds:
    fastfunc-resnet-q30-p12-42oib:  mnvcxx6e
    fastfunc-resnet-q30-p12-4dxnn:  mnvcxx6e
    fastfunc-resnet-q30-p12-9wctd:  mnvcxx6e
    fastfunc-resnet-q30-p12-b3owa:  mnvcxx6e
    fastfunc-resnet-q30-p12-bu81j:  mnvcxx6e
    fastfunc-resnet-q30-p12-cbdie:  mnvcxx6e
    fastfunc-resnet-q30-p12-el1rh:  mnvcxx6e
    fastfunc-resnet-q30-p12-giq8n:  mnvcxx6e
    fastfunc-resnet-q30-p12-gztdw:  mnvcxx6e
    fastfunc-resnet-q30-p12-uen3w:  mnvcxx6e
    fastfunc-resnet-q30-p12-wetr1:  mnvcxx6e
  pod2node:
  Replicas:  0
  Resourceconfig:
    fastgshare/gpu_quota_limit:    1.0
    fastgshare/gpu_quota_request:  0.30
    fastgshare/gpu_sm_partition:   12
  Usage:
Events:
  Type     Reason         Age                   From                 Message
  ----     ------         ----                  ----                 -------
  Normal   Synced         119s (x12 over 2m)    fastgshare-operator  FaSTPod synced successfully
  Warning  ErrValueError  116s (x11 over 119s)  fastpod-controller   Out of memory
  Warning  ErrValueError  111s (x14 over 116s)  fastpod-controller   Compute Resource exceed
